4 [3927373568] INFO perfrun.launcher <> - Launcher main begin
6 [3927373568] INFO perfrun.launcher <> - MessageCatalogInit finished
6 [3927373568] INFO perfrun.launcher <> - Launcher instance created
6 [3927373568] INFO perfrun.launcher <> - argc = 6; cmdline = /opt/intel/oneapi/vtune/2025.0/bin32/amplxe-runss -dump-vdso -r /home/quina/GIT/CPD_Project/openMP/parsim_omp/r003tr --tmp-dir /tmp/amplxe-tmp-quina 
13 [3927373568] INFO perfrun.launcher <> - create msngr2::ICliToolContext
13 [3927373568] INFO perfrun.launcher <> - create file finder object
15 [3926842048] INFO perfrun.launcher <> - plugin [remoteplug] was disabled because it doesn't support the given collection type.
15 [3926842048] INFO perfrun.launcher <> - plugin [] was disabled because it doesn't support the given collection type.
15 [3926842048] INFO perfrun.vdso <> - dumping [vdso] pseudomodule
15 [3926842048] INFO perfrun.launcher <> - plugin [] was disabled because it doesn't support the given collection type.
15 [3926842048] INFO perfrun.launcher <> - plugin [] was disabled because it doesn't support the given collection type.
15 [3926842048] INFO perfrun.launcher <> - plugin [] was disabled because it doesn't support the given collection type.
15 [3926842048] INFO perfrun.launcher <> - plugin [] was disabled because it doesn't support the given collection type.
15 [3926842048] INFO perfrun.launcher <> - plugin [] was disabled because it doesn't support the given collection type.
15 [3926842048] INFO perfrun.launcher <> - plugin [] was disabled because it doesn't support the given collection type.
15 [3926842048] INFO perfrun.launcher <> - plugin [] was disabled because it doesn't support the given collection type.
15 [3926842048] INFO perfrun.launcher <> - plugin [] was disabled because it doesn't support the given collection type.
15 [3926842048] INFO perfrun.launcher <> - plugin [] was disabled because it doesn't support the given collection type.
15 [3926842048] INFO perfrun.launcher <> - plugin [] was disabled because it doesn't support the given collection type.
15 [3926842048] INFO perfrun.launcher <> - plugin [] was disabled because it doesn't support the given collection type.
15 [3926842048] INFO perfrun.launcher <> - plugin [] was disabled because it doesn't support the given collection type.
15 [3926842048] INFO perfrun.launcher <> - plugin [] was disabled because it doesn't support the given collection type.
15 [3926842048] INFO perfrun.launcher <> - plugin [] was disabled because it doesn't support the given collection type.
15 [3926842048] INFO perfrun.launcher <> - plugin [] was disabled because it doesn't support the given collection type.
15 [3926842048] INFO perfrun.launcher <> - plugin [] was disabled because it doesn't support the given collection type.
15 [3926842048] INFO perfrun.launcher <> - plugin [] was disabled because it doesn't support the given collection type.
15 [3926842048] INFO perfrun.launcher <> - plugin [] was disabled because it doesn't support the given collection type.
15 [3926842048] INFO perfrun.launcher <> - plugin [] was disabled because it doesn't support the given collection type.
15 [3926842048] INFO perfrun.launcher <> - plugin [] was disabled because it doesn't support the given collection type.
15 [3926842048] INFO perfrun.launcher <> - plugin [] was disabled because it doesn't support the given collection type.
15 [3926842048] INFO perfrun.launcher <> - plugin [] was disabled because it doesn't support the given collection type.
15 [3926842048] INFO perfrun.launcher <> - plugin [] was disabled because it doesn't support the given collection type.
15 [3926842048] INFO perfrun.launcher <> - plugin [] was disabled because it doesn't support the given collection type.
15 [3927373568] INFO perfrun.launcher <> - Application exit code: 0
15 [3927373568] INFO perfrun.launcher <> - Exit code: 0
