0 [134208309036864] INFO perfrun.launcher <> - Launcher main begin
1 [134208309036864] INFO perfrun.launcher <> - MessageCatalogInit finished
1 [134208309036864] INFO perfrun.launcher <> - Launcher instance created
1 [134208309036864] INFO perfrun.launcher <> - argc = 7; cmdline = /opt/intel/oneapi/vtune/2025.0/bin64/amplxe-runss --ui-output-format xml --ui-output-fd 14 --option-file /home/quina/GIT/CPD_Project/openMP/parsim_omp/r001tr/config/runss.options 
160 [134208309036864] INFO perfrun.perfcollector <> - SEP tool path: /opt/intel/oneapi/vtune/2025.0/bin64/sep
166 [134208309036864] INFO perfrun.launcher <> - create msngr2::ICliToolContext
166 [134208309036864] INFO perfrun.launcher <> - create file finder object
166 [134208309036864] INFO perfrun.launcher <> - create a result directory: pattern = /home/quina/GIT/CPD_Project/openMP/parsim_omp/r001tr pid = 4294967295
168 [134208309036864] INFO perfrun.sdk <> - checked that the directory /home/quina/GIT/CPD_Project/openMP/parsim_omp/r001tr is a local directory
168 [134208309036864] INFO perfrun.sdk <> - the directory /home/quina/GIT/CPD_Project/openMP/parsim_omp/r001tr is a local directory with FS type ID 61267
168 [134208309036864] INFO perfrun.launcher <> - create data directory = /home/quina/GIT/CPD_Project/openMP/parsim_omp/r001tr/data.0
168 [134208309036864] INFO perfrun.launcher <> - Creating the master collection flag
169 [134208309036864] INFO perfrun.launcher <> - Done creating the master collection flag
169 [134208085296704] INFO perfrun.launcher <> - plugin [remoteplug] was disabled because it doesn't support the given collection type.
169 [134208085296704] INFO perfrun.sdk <> - Allocating TMU :/home/quina/GIT/CPD_Project/openMP/parsim_omp/r001tr/data.0/systemcollector-10655-quina-Swift-SF316-51.sc
169 [134208085296704] INFO perfrun.system <> - Tpss based collection
169 [134208085296704] INFO perfrun.launcher <> - plugin [ptracecollector] was disabled because it doesn't support the given collection type.
169 [134208085296704] INFO perfrun.launcher <> - plugin [gpu] was disabled because it doesn't support the given collection type.
169 [134208085296704] INFO perfrun.launcher <> - plugin [] was disabled because it doesn't support the given collection type.
169 [134208085296704] INFO perfrun.launcher <> - plugin [] was disabled because it doesn't support the given collection type.
169 [134208085296704] INFO perfrun.launcher <> - plugin [] was disabled because it doesn't support the given collection type.
169 [134208085296704] INFO perfrun.mrte <> - system-wide mode is 0
169 [134208085296704] INFO perfrun.mrte <> - Getting  mrte profiling environment ...
174 [134208085296704] INFO perfrun.mrte <> - INTEL_MRTE_DATA_DIR=/home/quina/GIT/CPD_Project/openMP/parsim_omp/r001tr/data.0
174 [134208085296704] INFO perfrun.mrte <> - INTEL_MRTE_HOST_NAME=quina-Swift-SF316-51
174 [134208085296704] INFO perfrun.mrte <> - JAVA_TOOL_OPTIONS=-agentlib:amplxe_samplingmrte_javaprof_1.0 -Dsun.boot.library.path=/opt/intel/oneapi/vtune/2025.0/lib32/runtime:/opt/intel/oneapi/vtune/2025.0/lib64/runtime
174 [134208085296704] INFO perfrun.mrte <> - LD_LIBRARY_PATH=/opt/intel/oneapi/vtune/2025.0/lib32/runtime:/opt/intel/oneapi/vtune/2025.0/lib64/runtime
174 [134208085296704] INFO perfrun.mrte <> - CORECLR_ENABLE_PROFILING=1
174 [134208085296704] INFO perfrun.mrte <> - CORECLR_PROFILER={AA5E4821-E3B1-479c-B7FF-5AD047D22CED}
174 [134208085296704] INFO perfrun.mrte <> - CORECLR_PROFILER_PATH=/opt/intel/oneapi/vtune/2025.0/lib64/libamplxe_samplingmrte_clrprof_1.0.so
174 [134208085296704] INFO perfrun.mrte <> - INTEL_MRTE_PROFILER_MODE=mixed
174 [134208085296704] INFO perfrun.mrte <> - Data directory: /home/quina/GIT/CPD_Project/openMP/parsim_omp/r001tr/data.0
174 [134208085296704] INFO perfrun.mrte <> - Mrte plugin is initialized
174 [134208085296704] INFO perfrun.launcher <> - plugin [emon] was disabled because it doesn't support the given collection type.
174 [134208085296704] INFO perfrun.launcher <> - plugin [cuscol] was disabled because it doesn't support the given collection type.
174 [134208085296704] INFO perfrun.launcher <> - plugin [stdsrc] was disabled because it doesn't support the given collection type.
174 [134208085296704] INFO perfrun.launcher <> - plugin [sep] was disabled because it doesn't support the given collection type.
174 [134208085296704] INFO perfrun.launcher <> - plugin [vtsspp] was disabled because it doesn't support the given collection type.
174 [134208085296704] INFO perfrun.launcher <> - plugin [perf] was disabled because it doesn't support the given collection type.
174 [134208085296704] INFO perfrun.launcher <> - plugin [aoclprofile] was disabled because it doesn't support the given collection type.
174 [134208085296704] INFO perfrun.tpss <> - initialize tpss controller
174 [134208085296704] INFO perfrun.tpss <> - configure collection mode: value = cpu:counters:nostack
174 [134208085296704] INFO perfrun.tpss <> - configure collection mode: value = cpu:stack
174 [134208085296704] INFO perfrun.tpss <> - configure collection mode: value = threading:stack
174 [134208085296704] INFO perfrun.tpss <> - configure collection mode: value = waiting:stack
174 [134208085296704] INFO perfrun.tpss <> - configure collection mode: value = io:stack
174 [134208085296704] INFO perfrun.tpss <> - default obj-size-min=1024
174 [134208085296704] INFO perfrun.tpss <> - default hash-table-size=0
174 [134208085296704] INFO perfrun.launcher <> - plugin [media] was disabled because it doesn't support the given collection type.
174 [134208085296704] INFO perfrun.launcher <> - plugin [] was disabled because it doesn't support the given collection type.
174 [134208085296704] INFO perfrun.launcher <> - plugin [] was disabled because it doesn't support the given collection type.
174 [134208085296704] INFO perfrun.launcher <> - plugin [parallelfs] was disabled because it doesn't support the given collection type.
174 [134208085296704] INFO perfrun.launcher <> - plugin [power] was disabled because it doesn't support the given collection type.
174 [134208085296704] INFO perfrun.launcher <> - plugin [] was disabled because it doesn't support the given collection type.
174 [134208085296704] INFO perfrun.launcher <> - plugin [ipmwatch] was disabled because it doesn't support the given collection type.
174 [134208085296704] INFO perfrun.launcher <> - plugin [os_counters] was disabled because it doesn't support the given collection type.
174 [134208085296704] INFO perfrun.launcher <> - plugin [l0_metrics] was disabled because it doesn't support the given collection type.
174 [134208309036864] INFO perfrun.launcher <> - set environment variable: LD_LIBRARY_PATH = /opt/intel/oneapi/vtune/2025.0/lib32/runtime:/opt/intel/oneapi/vtune/2025.0/lib64/runtime
174 [134208309036864] INFO perfrun.launcher <> - set environment variable: INTEL_LIBITTNOTIFY32 = /opt/intel/oneapi/vtune/2025.0/lib32/runtime/libittnotify_collector.so
174 [134208309036864] INFO perfrun.launcher <> - set environment variable: INTEL_LIBITTNOTIFY64 = /opt/intel/oneapi/vtune/2025.0/lib64/runtime/libittnotify_collector.so
174 [134208309036864] INFO perfrun.launcher <> - set environment variable: INTEL_ITTNOTIFY_GROUPS = 
174 [134208309036864] INFO perfrun.launcher <> - set environment variable: INTEL_JIT_PROFILER32 = /opt/intel/oneapi/vtune/2025.0/lib32/runtime/libittnotify_collector.so
174 [134208309036864] INFO perfrun.launcher <> - set environment variable: INTEL_JIT_PROFILER64 = /opt/intel/oneapi/vtune/2025.0/lib64/runtime/libittnotify_collector.so
174 [134208309036864] INFO perfrun.launcher <> - set environment variable: OMP_TOOL_LIBRARIES = /opt/intel/oneapi/vtune/2025.0/lib32/runtime/libittnotify_collector.so:/opt/intel/oneapi/vtune/2025.0/lib64/runtime/libittnotify_collector.so
174 [134208309036864] INFO perfrun.launcher <> - set environment variable: CCL_ITT_LEVEL = 1
174 [134208309036864] INFO perfrun.launcher <> - set environment variable: ENABLE_JITPROFILING = 1
174 [134208309036864] INFO perfrun.launcher <> - set environment variable: CL_CONFIG_USE_VTUNE = True
174 [134208309036864] INFO perfrun.launcher <> - set environment variable: INTEL_MRTE_DATA_DIR = /home/quina/GIT/CPD_Project/openMP/parsim_omp/r001tr/data.0
174 [134208309036864] INFO perfrun.launcher <> - set environment variable: INTEL_MRTE_HOST_NAME = quina-Swift-SF316-51
174 [134208309036864] INFO perfrun.launcher <> - set environment variable: JAVA_TOOL_OPTIONS = -agentlib:amplxe_samplingmrte_javaprof_1.0 -Dsun.boot.library.path=/opt/intel/oneapi/vtune/2025.0/lib32/runtime:/opt/intel/oneapi/vtune/2025.0/lib64/runtime
174 [134208309036864] INFO perfrun.launcher <> - set environment variable: LD_LIBRARY_PATH = /opt/intel/oneapi/vtune/2025.0/lib32/runtime:/opt/intel/oneapi/vtune/2025.0/lib64/runtime
174 [134208309036864] INFO perfrun.launcher <> - set environment variable: CORECLR_ENABLE_PROFILING = 1
174 [134208309036864] INFO perfrun.launcher <> - set environment variable: CORECLR_PROFILER = {AA5E4821-E3B1-479c-B7FF-5AD047D22CED}
174 [134208309036864] INFO perfrun.launcher <> - set environment variable: CORECLR_PROFILER_PATH = /opt/intel/oneapi/vtune/2025.0/lib64/libamplxe_samplingmrte_clrprof_1.0.so
174 [134208309036864] INFO perfrun.launcher <> - set environment variable: INTEL_MRTE_PROFILER_MODE = mixed
174 [134208309036864] INFO perfrun.launcher <> - RpcServer: run RPC server to handle requests
174 [134208309036864] INFO perfrun.launcher <> - Launcher: command line to start before modification = /home/quina/GIT/CPD_Project/openMP/parsim 1 5000 20 1000000 10
175 [134208309036864] INFO perfrun.launcher <> - Launcher: command line to start after modification = /opt/intel/oneapi/vtune/2025.0/bin64/pin -error_file /home/quina/GIT/CPD_Project/openMP/parsim_omp/r001tr/data.0/pinerr.tpsslog -detach_reattach -follow_execv -tool_load_option deepbind -t64 /opt/intel/oneapi/vtune/2025.0/lib64/libtpsstool.so -t /opt/intel/oneapi/vtune/2025.0/lib32/libtpsstool.so -server_name tpss_ipc.10655 -prd_dir /opt/intel/oneapi/vtune/2025.0 -- /home/quina/GIT/CPD_Project/openMP/parsim 1 5000 20 1000000 10
175 [134208309036864] INFO perfrun.launcher <> - ProcessCreator object was created
175 [134208309036864] INFO perfrun.launcher <> - Launcher: the process was started in suspend mode
175 [134208085296704] WARN perfrun.system <> - Could not do anything with /sys/kernel/debug/kvm: boost::filesystem::status: Permission denied [system:13]: "/sys/kernel/debug/kvm", at file: vcs/perfrun1/plugins/system/src/trace_writer.cpp:787
176 [134208085296704] WARN perfrun.system <> - Folder "/var/run/libvirt/qemu/"doesn't exist, at file: vcs/perfrun1/plugins/system/src/trace_writer.cpp:800
176 [134208085296704] WARN perfrun.sdk <> - Failed to find xl binary on any of the system paths: /bin, /sbin, /usr/bin, /usr/sbin., at file: vcs/perfrun1/sdk/src/utils.cpp:205
176 [134208085296704] WARN perfrun.system <> - Could not start ContainerMapping collector, at file: vcs/perfrun1/plugins/system/src/controller.cpp:450
197 [134208085296704] INFO perfrun.vdso <> - Helper runtool '/opt/intel/oneapi/vtune/2025.0/bin32/amplxe-runss -dump-vdso -r /home/quina/GIT/CPD_Project/openMP/parsim_omp/r001tr --tmp-dir /tmp/amplxe-tmp-quina' returned 0
252 [134208085296704] INFO perfrun.vdso <> - Helper runtool '/opt/intel/oneapi/vtune/2025.0/bin64/amplxe-runss -dump-vdso -r /home/quina/GIT/CPD_Project/openMP/parsim_omp/r001tr --tmp-dir /tmp/amplxe-tmp-quina' returned 0
252 [134208085296704] INFO perfrun.itt <> - start itt controller for pid #10660
252 [134208085296704] INFO perfrun.tpss <> - start tpss controller for pid #10660
302 [134208309036864] INFO perfrun.launcher <> - Launcher: all plugins were started
302 [134208309036864] INFO perfrun.launcher <> - DirectoryMonitor object was created
302 [134208309036864] INFO perfrun.launcher <> - DirectoryMonitor: a callback was added
302 [134208309036864] INFO perfrun.launcher <> - DirectoryMonitor was started with pingTime = 1000
302 [134208309036864] INFO perfrun.launcher <> - DeadlineTimer is going to be constructed
302 [134208309036864] INFO perfrun.launcher <> - DeadlineTimer: a callback was added
304 [134208309036864] INFO perfrun.launcher <> - Launcher: resume the profiled application and  wait its termination or stop command
31401 [134208309036864] INFO perfrun.launcher <> - Launcher: the profiled application was terminated  with exit code = 0
31404 [134208085296704] INFO perfrun.itt <> - detach itt controller
31404 [134208085296704] INFO perfrun.itt <> - detach itt controller done
31404 [134208085296704] INFO perfrun.tpss <> - stop tpss controller
31404 [134208085296704] INFO perfrun.sdk <> - De-allocating TMU: /home/quina/GIT/CPD_Project/openMP/parsim_omp/r001tr/data.0/systemcollector-10655-quina-Swift-SF316-51.sc
31404 [134208085296704] INFO perfrun.system <> - closed the system trace file: /home/quina/GIT/CPD_Project/openMP/parsim_omp/r001tr/data.0/systemcollector-10655-quina-Swift-SF316-51.sc
31404 [134208309036864] INFO perfrun.launcher <> - Launcher: all plugins were stopped.
31404 [134208309036864] INFO perfrun.launcher <> - DeadlineTimer is going to be destroyed
31404 [134208309036864] INFO perfrun.launcher <> - DeadlineTimer was destroyed
31404 [134208309036864] INFO perfrun.launcher <> - DirectoryMonitor object was destroyed
31404 [134208309036864] WARN perfrun.launcher <> - Stop command is ignored because it is received when collection is already stopped, at file: vcs/perfrun1/launcher/src/command_handler.cpp:226
31405 [134208309036864] INFO perfrun.launcher <> - Application exit code: 0
31405 [134208309036864] INFO perfrun.launcher <> - Exit code: 0
