5 [3997984512] INFO perfrun.launcher <> - Launcher main begin
8 [3997984512] INFO perfrun.launcher <> - MessageCatalogInit finished
8 [3997984512] INFO perfrun.launcher <> - Launcher instance created
8 [3997984512] INFO perfrun.launcher <> - argc = 6; cmdline = /opt/intel/oneapi/vtune/2025.0/bin32/amplxe-runss -dump-vdso -r /home/quina/GIT/CPD_Project/openMP/omp/r000tr --tmp-dir /tmp/amplxe-tmp-quina 
16 [3997984512] INFO perfrun.launcher <> - create msngr2::ICliToolContext
16 [3997984512] INFO perfrun.launcher <> - create file finder object
17 [3997452992] INFO perfrun.launcher <> - plugin [remoteplug] was disabled because it doesn't support the given collection type.
17 [3997452992] INFO perfrun.launcher <> - plugin [] was disabled because it doesn't support the given collection type.
17 [3997452992] INFO perfrun.vdso <> - dumping [vdso] pseudomodule
17 [3997452992] INFO perfrun.launcher <> - plugin [] was disabled because it doesn't support the given collection type.
17 [3997452992] INFO perfrun.launcher <> - plugin [] was disabled because it doesn't support the given collection type.
17 [3997452992] INFO perfrun.launcher <> - plugin [] was disabled because it doesn't support the given collection type.
17 [3997452992] INFO perfrun.launcher <> - plugin [] was disabled because it doesn't support the given collection type.
17 [3997452992] INFO perfrun.launcher <> - plugin [] was disabled because it doesn't support the given collection type.
17 [3997452992] INFO perfrun.launcher <> - plugin [] was disabled because it doesn't support the given collection type.
17 [3997452992] INFO perfrun.launcher <> - plugin [] was disabled because it doesn't support the given collection type.
17 [3997452992] INFO perfrun.launcher <> - plugin [] was disabled because it doesn't support the given collection type.
17 [3997452992] INFO perfrun.launcher <> - plugin [] was disabled because it doesn't support the given collection type.
17 [3997452992] INFO perfrun.launcher <> - plugin [] was disabled because it doesn't support the given collection type.
17 [3997452992] INFO perfrun.launcher <> - plugin [] was disabled because it doesn't support the given collection type.
17 [3997452992] INFO perfrun.launcher <> - plugin [] was disabled because it doesn't support the given collection type.
17 [3997452992] INFO perfrun.launcher <> - plugin [] was disabled because it doesn't support the given collection type.
17 [3997452992] INFO perfrun.launcher <> - plugin [] was disabled because it doesn't support the given collection type.
17 [3997452992] INFO perfrun.launcher <> - plugin [] was disabled because it doesn't support the given collection type.
17 [3997452992] INFO perfrun.launcher <> - plugin [] was disabled because it doesn't support the given collection type.
17 [3997452992] INFO perfrun.launcher <> - plugin [] was disabled because it doesn't support the given collection type.
17 [3997452992] INFO perfrun.launcher <> - plugin [] was disabled because it doesn't support the given collection type.
17 [3997452992] INFO perfrun.launcher <> - plugin [] was disabled because it doesn't support the given collection type.
17 [3997452992] INFO perfrun.launcher <> - plugin [] was disabled because it doesn't support the given collection type.
17 [3997452992] INFO perfrun.launcher <> - plugin [] was disabled because it doesn't support the given collection type.
17 [3997452992] INFO perfrun.launcher <> - plugin [] was disabled because it doesn't support the given collection type.
17 [3997452992] INFO perfrun.launcher <> - plugin [] was disabled because it doesn't support the given collection type.
17 [3997452992] INFO perfrun.launcher <> - plugin [] was disabled because it doesn't support the given collection type.
17 [3997984512] INFO perfrun.launcher <> - Application exit code: 0
17 [3997984512] INFO perfrun.launcher <> - Exit code: 0
