0 [3998050048] INFO perfrun.launcher <> - Launcher main begin
0 [3998050048] INFO perfrun.launcher <> - MessageCatalogInit finished
0 [3998050048] INFO perfrun.launcher <> - Launcher instance created
0 [3998050048] INFO perfrun.launcher <> - argc = 6; cmdline = /opt/intel/oneapi/vtune/2025.0/bin32/amplxe-runss -dump-vdso -r /home/quina/GIT/CPD_Project/openMP/parsim_omp/r000tr --tmp-dir /tmp/amplxe-tmp-quina 
8 [3998050048] INFO perfrun.launcher <> - create msngr2::ICliToolContext
8 [3998050048] INFO perfrun.launcher <> - create file finder object
10 [3997518528] INFO perfrun.launcher <> - plugin [remoteplug] was disabled because it doesn't support the given collection type.
10 [3997518528] INFO perfrun.launcher <> - plugin [] was disabled because it doesn't support the given collection type.
10 [3997518528] INFO perfrun.vdso <> - dumping [vdso] pseudomodule
10 [3997518528] INFO perfrun.launcher <> - plugin [] was disabled because it doesn't support the given collection type.
10 [3997518528] INFO perfrun.launcher <> - plugin [] was disabled because it doesn't support the given collection type.
10 [3997518528] INFO perfrun.launcher <> - plugin [] was disabled because it doesn't support the given collection type.
10 [3997518528] INFO perfrun.launcher <> - plugin [] was disabled because it doesn't support the given collection type.
10 [3997518528] INFO perfrun.launcher <> - plugin [] was disabled because it doesn't support the given collection type.
10 [3997518528] INFO perfrun.launcher <> - plugin [] was disabled because it doesn't support the given collection type.
10 [3997518528] INFO perfrun.launcher <> - plugin [] was disabled because it doesn't support the given collection type.
10 [3997518528] INFO perfrun.launcher <> - plugin [] was disabled because it doesn't support the given collection type.
10 [3997518528] INFO perfrun.launcher <> - plugin [] was disabled because it doesn't support the given collection type.
10 [3997518528] INFO perfrun.launcher <> - plugin [] was disabled because it doesn't support the given collection type.
10 [3997518528] INFO perfrun.launcher <> - plugin [] was disabled because it doesn't support the given collection type.
10 [3997518528] INFO perfrun.launcher <> - plugin [] was disabled because it doesn't support the given collection type.
10 [3997518528] INFO perfrun.launcher <> - plugin [] was disabled because it doesn't support the given collection type.
10 [3997518528] INFO perfrun.launcher <> - plugin [] was disabled because it doesn't support the given collection type.
10 [3997518528] INFO perfrun.launcher <> - plugin [] was disabled because it doesn't support the given collection type.
10 [3997518528] INFO perfrun.launcher <> - plugin [] was disabled because it doesn't support the given collection type.
10 [3997518528] INFO perfrun.launcher <> - plugin [] was disabled because it doesn't support the given collection type.
10 [3997518528] INFO perfrun.launcher <> - plugin [] was disabled because it doesn't support the given collection type.
10 [3997518528] INFO perfrun.launcher <> - plugin [] was disabled because it doesn't support the given collection type.
10 [3997518528] INFO perfrun.launcher <> - plugin [] was disabled because it doesn't support the given collection type.
10 [3997518528] INFO perfrun.launcher <> - plugin [] was disabled because it doesn't support the given collection type.
10 [3997518528] INFO perfrun.launcher <> - plugin [] was disabled because it doesn't support the given collection type.
10 [3997518528] INFO perfrun.launcher <> - plugin [] was disabled because it doesn't support the given collection type.
10 [3997518528] INFO perfrun.launcher <> - plugin [] was disabled because it doesn't support the given collection type.
10 [3998050048] INFO perfrun.launcher <> - Application exit code: 0
10 [3998050048] INFO perfrun.launcher <> - Exit code: 0
