0 [128477529937728] INFO perfrun.launcher <> - Launcher main begin
1 [128477529937728] INFO perfrun.launcher <> - MessageCatalogInit finished
1 [128477529937728] INFO perfrun.launcher <> - Launcher instance created
1 [128477529937728] INFO perfrun.launcher <> - argc = 7; cmdline = /opt/intel/oneapi/vtune/2025.0/bin64/amplxe-runss --ui-output-format xml --ui-output-fd 14 --option-file /home/quina/GIT/CPD_Project/openMP/parsim_omp/r000tr/config/runss.options 
311 [128477529937728] INFO perfrun.perfcollector <> - SEP tool path: /opt/intel/oneapi/vtune/2025.0/bin64/sep
315 [128477529937728] INFO perfrun.launcher <> - create msngr2::ICliToolContext
316 [128477529937728] INFO perfrun.launcher <> - create file finder object
316 [128477529937728] INFO perfrun.launcher <> - create a result directory: pattern = /home/quina/GIT/CPD_Project/openMP/parsim_omp/r000tr pid = 4294967295
317 [128477529937728] INFO perfrun.sdk <> - checked that the directory /home/quina/GIT/CPD_Project/openMP/parsim_omp/r000tr is a local directory
317 [128477529937728] INFO perfrun.sdk <> - the directory /home/quina/GIT/CPD_Project/openMP/parsim_omp/r000tr is a local directory with FS type ID 61267
317 [128477529937728] INFO perfrun.launcher <> - create data directory = /home/quina/GIT/CPD_Project/openMP/parsim_omp/r000tr/data.0
317 [128477529937728] INFO perfrun.launcher <> - Creating the master collection flag
321 [128477529937728] INFO perfrun.launcher <> - Done creating the master collection flag
322 [128477304981056] INFO perfrun.launcher <> - plugin [remoteplug] was disabled because it doesn't support the given collection type.
322 [128477304981056] INFO perfrun.sdk <> - Allocating TMU :/home/quina/GIT/CPD_Project/openMP/parsim_omp/r000tr/data.0/systemcollector-10490-quina-Swift-SF316-51.sc
322 [128477304981056] INFO perfrun.system <> - Tpss based collection
322 [128477304981056] INFO perfrun.launcher <> - plugin [ptracecollector] was disabled because it doesn't support the given collection type.
322 [128477304981056] INFO perfrun.launcher <> - plugin [gpu] was disabled because it doesn't support the given collection type.
322 [128477304981056] INFO perfrun.launcher <> - plugin [] was disabled because it doesn't support the given collection type.
322 [128477304981056] INFO perfrun.launcher <> - plugin [] was disabled because it doesn't support the given collection type.
322 [128477304981056] INFO perfrun.launcher <> - plugin [] was disabled because it doesn't support the given collection type.
322 [128477304981056] INFO perfrun.mrte <> - system-wide mode is 0
322 [128477304981056] INFO perfrun.mrte <> - Getting  mrte profiling environment ...
327 [128477304981056] INFO perfrun.mrte <> - INTEL_MRTE_DATA_DIR=/home/quina/GIT/CPD_Project/openMP/parsim_omp/r000tr/data.0
327 [128477304981056] INFO perfrun.mrte <> - INTEL_MRTE_HOST_NAME=quina-Swift-SF316-51
327 [128477304981056] INFO perfrun.mrte <> - JAVA_TOOL_OPTIONS=-agentlib:amplxe_samplingmrte_javaprof_1.0 -Dsun.boot.library.path=/opt/intel/oneapi/vtune/2025.0/lib32/runtime:/opt/intel/oneapi/vtune/2025.0/lib64/runtime
327 [128477304981056] INFO perfrun.mrte <> - LD_LIBRARY_PATH=/opt/intel/oneapi/vtune/2025.0/lib32/runtime:/opt/intel/oneapi/vtune/2025.0/lib64/runtime
327 [128477304981056] INFO perfrun.mrte <> - CORECLR_ENABLE_PROFILING=1
327 [128477304981056] INFO perfrun.mrte <> - CORECLR_PROFILER={AA5E4821-E3B1-479c-B7FF-5AD047D22CED}
327 [128477304981056] INFO perfrun.mrte <> - CORECLR_PROFILER_PATH=/opt/intel/oneapi/vtune/2025.0/lib64/libamplxe_samplingmrte_clrprof_1.0.so
327 [128477304981056] INFO perfrun.mrte <> - INTEL_MRTE_PROFILER_MODE=mixed
327 [128477304981056] INFO perfrun.mrte <> - Data directory: /home/quina/GIT/CPD_Project/openMP/parsim_omp/r000tr/data.0
327 [128477304981056] INFO perfrun.mrte <> - Mrte plugin is initialized
327 [128477304981056] INFO perfrun.launcher <> - plugin [emon] was disabled because it doesn't support the given collection type.
327 [128477304981056] INFO perfrun.launcher <> - plugin [cuscol] was disabled because it doesn't support the given collection type.
327 [128477304981056] INFO perfrun.launcher <> - plugin [stdsrc] was disabled because it doesn't support the given collection type.
327 [128477304981056] INFO perfrun.launcher <> - plugin [sep] was disabled because it doesn't support the given collection type.
327 [128477304981056] INFO perfrun.launcher <> - plugin [vtsspp] was disabled because it doesn't support the given collection type.
327 [128477304981056] INFO perfrun.launcher <> - plugin [perf] was disabled because it doesn't support the given collection type.
327 [128477304981056] INFO perfrun.launcher <> - plugin [aoclprofile] was disabled because it doesn't support the given collection type.
327 [128477304981056] INFO perfrun.tpss <> - initialize tpss controller
327 [128477304981056] INFO perfrun.tpss <> - configure collection mode: value = cpu:counters:nostack
327 [128477304981056] INFO perfrun.tpss <> - configure collection mode: value = cpu:stack
327 [128477304981056] INFO perfrun.tpss <> - configure collection mode: value = threading:stack
327 [128477304981056] INFO perfrun.tpss <> - configure collection mode: value = waiting:stack
327 [128477304981056] INFO perfrun.tpss <> - configure collection mode: value = io:stack
327 [128477304981056] INFO perfrun.tpss <> - default obj-size-min=1024
327 [128477304981056] INFO perfrun.tpss <> - default hash-table-size=0
327 [128477304981056] INFO perfrun.launcher <> - plugin [media] was disabled because it doesn't support the given collection type.
327 [128477304981056] INFO perfrun.launcher <> - plugin [] was disabled because it doesn't support the given collection type.
327 [128477304981056] INFO perfrun.launcher <> - plugin [] was disabled because it doesn't support the given collection type.
327 [128477304981056] INFO perfrun.launcher <> - plugin [parallelfs] was disabled because it doesn't support the given collection type.
327 [128477304981056] INFO perfrun.launcher <> - plugin [power] was disabled because it doesn't support the given collection type.
327 [128477304981056] INFO perfrun.launcher <> - plugin [] was disabled because it doesn't support the given collection type.
327 [128477304981056] INFO perfrun.launcher <> - plugin [ipmwatch] was disabled because it doesn't support the given collection type.
327 [128477304981056] INFO perfrun.launcher <> - plugin [os_counters] was disabled because it doesn't support the given collection type.
327 [128477304981056] INFO perfrun.launcher <> - plugin [l0_metrics] was disabled because it doesn't support the given collection type.
327 [128477529937728] INFO perfrun.launcher <> - set environment variable: LD_LIBRARY_PATH = /opt/intel/oneapi/vtune/2025.0/lib32/runtime:/opt/intel/oneapi/vtune/2025.0/lib64/runtime
327 [128477529937728] INFO perfrun.launcher <> - set environment variable: INTEL_LIBITTNOTIFY32 = /opt/intel/oneapi/vtune/2025.0/lib32/runtime/libittnotify_collector.so
327 [128477529937728] INFO perfrun.launcher <> - set environment variable: INTEL_LIBITTNOTIFY64 = /opt/intel/oneapi/vtune/2025.0/lib64/runtime/libittnotify_collector.so
327 [128477529937728] INFO perfrun.launcher <> - set environment variable: INTEL_ITTNOTIFY_GROUPS = 
327 [128477529937728] INFO perfrun.launcher <> - set environment variable: INTEL_JIT_PROFILER32 = /opt/intel/oneapi/vtune/2025.0/lib32/runtime/libittnotify_collector.so
327 [128477529937728] INFO perfrun.launcher <> - set environment variable: INTEL_JIT_PROFILER64 = /opt/intel/oneapi/vtune/2025.0/lib64/runtime/libittnotify_collector.so
327 [128477529937728] INFO perfrun.launcher <> - set environment variable: OMP_TOOL_LIBRARIES = /opt/intel/oneapi/vtune/2025.0/lib32/runtime/libittnotify_collector.so:/opt/intel/oneapi/vtune/2025.0/lib64/runtime/libittnotify_collector.so
327 [128477529937728] INFO perfrun.launcher <> - set environment variable: CCL_ITT_LEVEL = 1
327 [128477529937728] INFO perfrun.launcher <> - set environment variable: ENABLE_JITPROFILING = 1
327 [128477529937728] INFO perfrun.launcher <> - set environment variable: CL_CONFIG_USE_VTUNE = True
327 [128477529937728] INFO perfrun.launcher <> - set environment variable: INTEL_MRTE_DATA_DIR = /home/quina/GIT/CPD_Project/openMP/parsim_omp/r000tr/data.0
327 [128477529937728] INFO perfrun.launcher <> - set environment variable: INTEL_MRTE_HOST_NAME = quina-Swift-SF316-51
327 [128477529937728] INFO perfrun.launcher <> - set environment variable: JAVA_TOOL_OPTIONS = -agentlib:amplxe_samplingmrte_javaprof_1.0 -Dsun.boot.library.path=/opt/intel/oneapi/vtune/2025.0/lib32/runtime:/opt/intel/oneapi/vtune/2025.0/lib64/runtime
327 [128477529937728] INFO perfrun.launcher <> - set environment variable: LD_LIBRARY_PATH = /opt/intel/oneapi/vtune/2025.0/lib32/runtime:/opt/intel/oneapi/vtune/2025.0/lib64/runtime
327 [128477529937728] INFO perfrun.launcher <> - set environment variable: CORECLR_ENABLE_PROFILING = 1
327 [128477529937728] INFO perfrun.launcher <> - set environment variable: CORECLR_PROFILER = {AA5E4821-E3B1-479c-B7FF-5AD047D22CED}
327 [128477529937728] INFO perfrun.launcher <> - set environment variable: CORECLR_PROFILER_PATH = /opt/intel/oneapi/vtune/2025.0/lib64/libamplxe_samplingmrte_clrprof_1.0.so
327 [128477529937728] INFO perfrun.launcher <> - set environment variable: INTEL_MRTE_PROFILER_MODE = mixed
327 [128477529937728] INFO perfrun.launcher <> - RpcServer: run RPC server to handle requests
327 [128477529937728] INFO perfrun.launcher <> - Launcher: command line to start before modification = /home/quina/GIT/CPD_Project/openMP/parsim 1 5000 20 1000000 10
327 [128477529937728] INFO perfrun.launcher <> - Launcher: command line to start after modification = /opt/intel/oneapi/vtune/2025.0/bin64/pin -error_file /home/quina/GIT/CPD_Project/openMP/parsim_omp/r000tr/data.0/pinerr.tpsslog -detach_reattach -follow_execv -tool_load_option deepbind -t64 /opt/intel/oneapi/vtune/2025.0/lib64/libtpsstool.so -t /opt/intel/oneapi/vtune/2025.0/lib32/libtpsstool.so -server_name tpss_ipc.10490 -prd_dir /opt/intel/oneapi/vtune/2025.0 -- /home/quina/GIT/CPD_Project/openMP/parsim 1 5000 20 1000000 10
327 [128477529937728] INFO perfrun.launcher <> - ProcessCreator object was created
328 [128477529937728] INFO perfrun.launcher <> - Launcher: the process was started in suspend mode
328 [128477304981056] WARN perfrun.system <> - Could not do anything with /sys/kernel/debug/kvm: boost::filesystem::status: Permission denied [system:13]: "/sys/kernel/debug/kvm", at file: vcs/perfrun1/plugins/system/src/trace_writer.cpp:787
329 [128477304981056] WARN perfrun.system <> - Folder "/var/run/libvirt/qemu/"doesn't exist, at file: vcs/perfrun1/plugins/system/src/trace_writer.cpp:800
329 [128477304981056] WARN perfrun.sdk <> - Failed to find xl binary on any of the system paths: /bin, /sbin, /usr/bin, /usr/sbin., at file: vcs/perfrun1/sdk/src/utils.cpp:205
329 [128477304981056] WARN perfrun.system <> - Could not start ContainerMapping collector, at file: vcs/perfrun1/plugins/system/src/controller.cpp:450
350 [128477304981056] INFO perfrun.vdso <> - Helper runtool '/opt/intel/oneapi/vtune/2025.0/bin32/amplxe-runss -dump-vdso -r /home/quina/GIT/CPD_Project/openMP/parsim_omp/r000tr --tmp-dir /tmp/amplxe-tmp-quina' returned 0
399 [128477304981056] INFO perfrun.vdso <> - Helper runtool '/opt/intel/oneapi/vtune/2025.0/bin64/amplxe-runss -dump-vdso -r /home/quina/GIT/CPD_Project/openMP/parsim_omp/r000tr --tmp-dir /tmp/amplxe-tmp-quina' returned 0
399 [128477304981056] INFO perfrun.itt <> - start itt controller for pid #10496
400 [128477304981056] INFO perfrun.tpss <> - start tpss controller for pid #10496
450 [128477529937728] INFO perfrun.launcher <> - Launcher: all plugins were started
450 [128477529937728] INFO perfrun.launcher <> - DirectoryMonitor object was created
450 [128477529937728] INFO perfrun.launcher <> - DirectoryMonitor: a callback was added
450 [128477529937728] INFO perfrun.launcher <> - DirectoryMonitor was started with pingTime = 1000
450 [128477529937728] INFO perfrun.launcher <> - DeadlineTimer is going to be constructed
450 [128477529937728] INFO perfrun.launcher <> - DeadlineTimer: a callback was added
454 [128477529937728] INFO perfrun.launcher <> - Launcher: resume the profiled application and  wait its termination or stop command
26011 [128477529937728] INFO perfrun.launcher <> - Launcher: the profiled application was terminated  with exit code = 0
26013 [128477304981056] INFO perfrun.itt <> - detach itt controller
26013 [128477304981056] INFO perfrun.itt <> - detach itt controller done
26013 [128477304981056] INFO perfrun.tpss <> - stop tpss controller
26014 [128477304981056] INFO perfrun.sdk <> - De-allocating TMU: /home/quina/GIT/CPD_Project/openMP/parsim_omp/r000tr/data.0/systemcollector-10490-quina-Swift-SF316-51.sc
26014 [128477304981056] INFO perfrun.system <> - closed the system trace file: /home/quina/GIT/CPD_Project/openMP/parsim_omp/r000tr/data.0/systemcollector-10490-quina-Swift-SF316-51.sc
26014 [128477529937728] INFO perfrun.launcher <> - Launcher: all plugins were stopped.
26014 [128477529937728] INFO perfrun.launcher <> - DeadlineTimer is going to be destroyed
26014 [128477529937728] INFO perfrun.launcher <> - DeadlineTimer was destroyed
26014 [128477529937728] INFO perfrun.launcher <> - DirectoryMonitor object was destroyed
26014 [128477529937728] WARN perfrun.launcher <> - Stop command is ignored because it is received when collection is already stopped, at file: vcs/perfrun1/launcher/src/command_handler.cpp:226
26014 [128477529937728] INFO perfrun.launcher <> - Application exit code: 0
26014 [128477529937728] INFO perfrun.launcher <> - Exit code: 0
